<?xml version="1.0" encoding="UTF-8"?>
<!-- Generated by org.testng.reporters.JUnitReportReporter -->
<testsuite hostname="RMM-LT-618" name="continuum.cucumber.testRunner.Runner" tests="4" failures="0" timestamp="21 Oct 2016 14:09:17 GMT" time="0.000" errors="0">
  <testcase name="feature" time="0.000" classname="continuum.cucumber.testRunner.Runner"/>
  <testcase name="feature" time="0.000" classname="continuum.cucumber.testRunner.Runner"/>
  <testcase name="feature" time="0.000" classname="continuum.cucumber.testRunner.Runner"/>
  <testcase name="feature" time="0.000" classname="continuum.cucumber.testRunner.Runner"/>
</testsuite> <!-- continuum.cucumber.testRunner.Runner -->
