<?xml version="1.0" encoding="UTF-8"?>
<!-- Generated by org.testng.reporters.JUnitReportReporter -->
<testsuite hostname="RMM-LT-618" name="continuum.cucumber.testRunner.TestRunner" tests="1" failures="0" timestamp="21 Oct 2016 14:09:17 GMT" time="92.367" errors="0">
  <testcase name="feature" time="92.367" classname="continuum.cucumber.testRunner.TestRunner"/>
</testsuite> <!-- continuum.cucumber.testRunner.TestRunner -->
